INFO:app:Clave secreta configurada para la aplicación: 47ca87dc...
INFO:app:Feature flags para nuevos templates configurados
INFO:app:Directorio UPLOAD_FOLDER asegurado: /Users/enriquepabon/Library/CloudStorage/GoogleDrive-epabon@oleoflores.com/My Drive/Proyectos automatizaciones/Proyecto automatización registro MLB/TiquetesApp/app/../static/uploads
INFO:app:Directorio PDF_FOLDER asegurado: /Users/enriquepabon/Library/CloudStorage/GoogleDrive-epabon@oleoflores.com/My Drive/Proyectos automatizaciones/Proyecto automatización registro MLB/TiquetesApp/app/../static/pdfs
INFO:app:Directorio GUIAS_FOLDER asegurado: /Users/enriquepabon/Library/CloudStorage/GoogleDrive-epabon@oleoflores.com/My Drive/Proyectos automatizaciones/Proyecto automatización registro MLB/TiquetesApp/app/../static/guias
INFO:app:Directorio QR_FOLDER asegurado: /Users/enriquepabon/Library/CloudStorage/GoogleDrive-epabon@oleoflores.com/My Drive/Proyectos automatizaciones/Proyecto automatización registro MLB/TiquetesApp/app/../static/qr
INFO:app:Directorio IMAGES_FOLDER asegurado: /Users/enriquepabon/Library/CloudStorage/GoogleDrive-epabon@oleoflores.com/My Drive/Proyectos automatizaciones/Proyecto automatización registro MLB/TiquetesApp/app/../static/images
INFO:app:Directorio FOTOS_RACIMOS_FOLDER asegurado: /Users/enriquepabon/Library/CloudStorage/GoogleDrive-epabon@oleoflores.com/My Drive/Proyectos automatizaciones/Proyecto automatización registro MLB/TiquetesApp/app/../static/uploads/clasificacion
INFO:db_schema:Tablas creadas correctamente en la base de datos.
INFO:app:Tablas de la base de datos verificadas/creadas correctamente.
WARNING:app.blueprints.clasificacion.routes:Inference SDK not installed or not compatible with this Python version. Will use HTTP direct requests for Roboflow.
INFO:app:Todos los blueprints registrados correctamente.
 * Serving Flask app 'app:create_app()'
 * Debug mode: on
INFO:werkzeug:[31m[1mWARNING: This is a development server. Do not use it in a production deployment. Use a production WSGI server instead.[0m
 * Running on http://127.0.0.1:5001
INFO:werkzeug:[33mPress CTRL+C to quit[0m
INFO:werkzeug: * Restarting with stat
INFO:app:Clave secreta configurada para la aplicación: 51e8ff4d...
INFO:app:Feature flags para nuevos templates configurados
INFO:app:Directorio UPLOAD_FOLDER asegurado: /Users/enriquepabon/Library/CloudStorage/GoogleDrive-epabon@oleoflores.com/My Drive/Proyectos automatizaciones/Proyecto automatización registro MLB/TiquetesApp/app/../static/uploads
INFO:app:Directorio PDF_FOLDER asegurado: /Users/enriquepabon/Library/CloudStorage/GoogleDrive-epabon@oleoflores.com/My Drive/Proyectos automatizaciones/Proyecto automatización registro MLB/TiquetesApp/app/../static/pdfs
INFO:app:Directorio GUIAS_FOLDER asegurado: /Users/enriquepabon/Library/CloudStorage/GoogleDrive-epabon@oleoflores.com/My Drive/Proyectos automatizaciones/Proyecto automatización registro MLB/TiquetesApp/app/../static/guias
INFO:app:Directorio QR_FOLDER asegurado: /Users/enriquepabon/Library/CloudStorage/GoogleDrive-epabon@oleoflores.com/My Drive/Proyectos automatizaciones/Proyecto automatización registro MLB/TiquetesApp/app/../static/qr
INFO:app:Directorio IMAGES_FOLDER asegurado: /Users/enriquepabon/Library/CloudStorage/GoogleDrive-epabon@oleoflores.com/My Drive/Proyectos automatizaciones/Proyecto automatización registro MLB/TiquetesApp/app/../static/images
INFO:app:Directorio FOTOS_RACIMOS_FOLDER asegurado: /Users/enriquepabon/Library/CloudStorage/GoogleDrive-epabon@oleoflores.com/My Drive/Proyectos automatizaciones/Proyecto automatización registro MLB/TiquetesApp/app/../static/uploads/clasificacion
INFO:db_schema:Tablas creadas correctamente en la base de datos.
INFO:app:Tablas de la base de datos verificadas/creadas correctamente.
WARNING:app.blueprints.clasificacion.routes:Inference SDK not installed or not compatible with this Python version. Will use HTTP direct requests for Roboflow.
INFO:app:Todos los blueprints registrados correctamente.
WARNING:werkzeug: * Debugger is active!
INFO:werkzeug: * Debugger PIN: 218-664-334
INFO:werkzeug:127.0.0.1 - - [27/Mar/2025 17:20:38] "GET /dashboard HTTP/1.1" 200 -
INFO:app.blueprints.misc.routes:Formato de fecha en la base de datos (muestra): 27/02/2025
INFO:app.blueprints.misc.routes:Usando formato de fecha: %d/%m/%Y con valor: 27/03/2025
INFO:app.blueprints.misc.routes:Registros encontrados para hoy (27/03/2025): 1
INFO:app.blueprints.misc.routes:Total de registros en entry_records: 171
INFO:werkzeug:127.0.0.1 - - [27/Mar/2025 17:20:40] "GET /api/dashboard/stats HTTP/1.1" 200 -
INFO:app.blueprints.misc.routes:Formato de fecha en la base de datos (muestra): 27/02/2025
INFO:app.blueprints.misc.routes:Usando formato de fecha: %d/%m/%Y con valor: 27/03/2025
INFO:app.blueprints.misc.routes:Registros encontrados para hoy (27/03/2025): 1
INFO:app.blueprints.misc.routes:Total de registros en entry_records: 171
INFO:werkzeug:127.0.0.1 - - [27/Mar/2025 17:20:58] "GET /api/dashboard/stats HTTP/1.1" 200 -
INFO:werkzeug:127.0.0.1 - - [27/Mar/2025 17:21:31] "GET /dashboard HTTP/1.1" 200 -
INFO:app.blueprints.misc.routes:Formato de fecha en la base de datos (muestra): 27/02/2025
INFO:app.blueprints.misc.routes:Usando formato de fecha: %d/%m/%Y con valor: 27/03/2025
INFO:app.blueprints.misc.routes:Registros encontrados para hoy (27/03/2025): 1
INFO:app.blueprints.misc.routes:Total de registros en entry_records: 171
INFO:werkzeug:127.0.0.1 - - [27/Mar/2025 17:21:32] "GET /api/dashboard/stats HTTP/1.1" 200 -
INFO:werkzeug:127.0.0.1 - - [27/Mar/2025 17:21:32] "[33mGET /favicon.ico HTTP/1.1[0m" 404 -
INFO:werkzeug:127.0.0.1 - - [27/Mar/2025 17:21:47] "GET /home HTTP/1.1" 200 -
INFO:werkzeug:127.0.0.1 - - [27/Mar/2025 17:21:47] "GET /static/images/logo.png HTTP/1.1" 200 -
INFO:db_utils:Database initialized successfully
INFO:app.blueprints.entrada.routes:Obtenidos 171 registros de la base de datos
INFO:werkzeug:127.0.0.1 - - [27/Mar/2025 17:21:49] "GET /entradas HTTP/1.1" 200 -
INFO:werkzeug:127.0.0.1 - - [27/Mar/2025 17:21:58] "[32mGET / HTTP/1.1[0m" 302 -
INFO:werkzeug:127.0.0.1 - - [27/Mar/2025 17:21:58] "GET /home HTTP/1.1" 200 -
INFO:werkzeug:127.0.0.1 - - [27/Mar/2025 17:21:58] "[36mGET /static/images/logo.png HTTP/1.1[0m" 304 -
INFO:werkzeug:127.0.0.1 - - [27/Mar/2025 17:21:59] "[35m[1mGET /index HTTP/1.1[0m" 500 -
Traceback (most recent call last):
  File "/Users/enriquepabon/Library/CloudStorage/GoogleDrive-epabon@oleoflores.com/My Drive/Proyectos automatizaciones/Proyecto automatización registro MLB/TiquetesApp/venv/lib/python3.11/site-packages/flask/app.py", line 1478, in __call__
    return self.wsgi_app(environ, start_response)
           ^^^^^^^^^^^^^^^^^^^^^^^^^^^^^^^^^^^^^^
  File "/Users/enriquepabon/Library/CloudStorage/GoogleDrive-epabon@oleoflores.com/My Drive/Proyectos automatizaciones/Proyecto automatización registro MLB/TiquetesApp/venv/lib/python3.11/site-packages/werkzeug/middleware/proxy_fix.py", line 182, in __call__
    return self.app(environ, start_response)
           ^^^^^^^^^^^^^^^^^^^^^^^^^^^^^^^^^
  File "/Users/enriquepabon/Library/CloudStorage/GoogleDrive-epabon@oleoflores.com/My Drive/Proyectos automatizaciones/Proyecto automatización registro MLB/TiquetesApp/venv/lib/python3.11/site-packages/flask/app.py", line 1458, in wsgi_app
    response = self.handle_exception(e)
               ^^^^^^^^^^^^^^^^^^^^^^^^
  File "/Users/enriquepabon/Library/CloudStorage/GoogleDrive-epabon@oleoflores.com/My Drive/Proyectos automatizaciones/Proyecto automatización registro MLB/TiquetesApp/venv/lib/python3.11/site-packages/flask/app.py", line 1455, in wsgi_app
    response = self.full_dispatch_request()
               ^^^^^^^^^^^^^^^^^^^^^^^^^^^^
  File "/Users/enriquepabon/Library/CloudStorage/GoogleDrive-epabon@oleoflores.com/My Drive/Proyectos automatizaciones/Proyecto automatización registro MLB/TiquetesApp/venv/lib/python3.11/site-packages/flask/app.py", line 869, in full_dispatch_request
    rv = self.handle_user_exception(e)
         ^^^^^^^^^^^^^^^^^^^^^^^^^^^^^
  File "/Users/enriquepabon/Library/CloudStorage/GoogleDrive-epabon@oleoflores.com/My Drive/Proyectos automatizaciones/Proyecto automatización registro MLB/TiquetesApp/venv/lib/python3.11/site-packages/flask/app.py", line 867, in full_dispatch_request
    rv = self.dispatch_request()
         ^^^^^^^^^^^^^^^^^^^^^^^
  File "/Users/enriquepabon/Library/CloudStorage/GoogleDrive-epabon@oleoflores.com/My Drive/Proyectos automatizaciones/Proyecto automatización registro MLB/TiquetesApp/venv/lib/python3.11/site-packages/flask/app.py", line 852, in dispatch_request
    return self.ensure_sync(self.view_functions[rule.endpoint])(**view_args)
           ^^^^^^^^^^^^^^^^^^^^^^^^^^^^^^^^^^^^^^^^^^^^^^^^^^^^^^^^^^^^^^^^^
  File "/Users/enriquepabon/Library/CloudStorage/GoogleDrive-epabon@oleoflores.com/My Drive/Proyectos automatizaciones/Proyecto automatización registro MLB/TiquetesApp/app/blueprints/entrada/routes.py", line 26, in index
    return render_template('index.html')
           ^^^^^^^^^^^^^^^^^^^^^^^^^^^^^
  File "/Users/enriquepabon/Library/CloudStorage/GoogleDrive-epabon@oleoflores.com/My Drive/Proyectos automatizaciones/Proyecto automatización registro MLB/TiquetesApp/venv/lib/python3.11/site-packages/flask/templating.py", line 151, in render_template
    template = app.jinja_env.get_or_select_template(template_name_or_list)
               ^^^^^^^^^^^^^^^^^^^^^^^^^^^^^^^^^^^^^^^^^^^^^^^^^^^^^^^^^^^
  File "/Users/enriquepabon/Library/CloudStorage/GoogleDrive-epabon@oleoflores.com/My Drive/Proyectos automatizaciones/Proyecto automatización registro MLB/TiquetesApp/venv/lib/python3.11/site-packages/jinja2/environment.py", line 1081, in get_or_select_template
    return self.get_template(template_name_or_list, parent, globals)
           ^^^^^^^^^^^^^^^^^^^^^^^^^^^^^^^^^^^^^^^^^^^^^^^^^^^^^^^^^
  File "/Users/enriquepabon/Library/CloudStorage/GoogleDrive-epabon@oleoflores.com/My Drive/Proyectos automatizaciones/Proyecto automatización registro MLB/TiquetesApp/venv/lib/python3.11/site-packages/jinja2/environment.py", line 1010, in get_template
    return self._load_template(name, globals)
           ^^^^^^^^^^^^^^^^^^^^^^^^^^^^^^^^^^
  File "/Users/enriquepabon/Library/CloudStorage/GoogleDrive-epabon@oleoflores.com/My Drive/Proyectos automatizaciones/Proyecto automatización registro MLB/TiquetesApp/venv/lib/python3.11/site-packages/jinja2/environment.py", line 969, in _load_template
    template = self.loader.load(self, name, self.make_globals(globals))
               ^^^^^^^^^^^^^^^^^^^^^^^^^^^^^^^^^^^^^^^^^^^^^^^^^^^^^^^^
  File "/Users/enriquepabon/Library/CloudStorage/GoogleDrive-epabon@oleoflores.com/My Drive/Proyectos automatizaciones/Proyecto automatización registro MLB/TiquetesApp/venv/lib/python3.11/site-packages/jinja2/loaders.py", line 126, in load
    source, filename, uptodate = self.get_source(environment, name)
                                 ^^^^^^^^^^^^^^^^^^^^^^^^^^^^^^^^^^
  File "/Users/enriquepabon/Library/CloudStorage/GoogleDrive-epabon@oleoflores.com/My Drive/Proyectos automatizaciones/Proyecto automatización registro MLB/TiquetesApp/venv/lib/python3.11/site-packages/flask/templating.py", line 65, in get_source
    return self._get_source_fast(environment, template)
           ^^^^^^^^^^^^^^^^^^^^^^^^^^^^^^^^^^^^^^^^^^^^
  File "/Users/enriquepabon/Library/CloudStorage/GoogleDrive-epabon@oleoflores.com/My Drive/Proyectos automatizaciones/Proyecto automatización registro MLB/TiquetesApp/venv/lib/python3.11/site-packages/flask/templating.py", line 99, in _get_source_fast
    raise TemplateNotFound(template)
jinja2.exceptions.TemplateNotFound: index.html
INFO:werkzeug:127.0.0.1 - - [27/Mar/2025 17:21:59] "GET /index?__debugger__=yes&cmd=resource&f=style.css HTTP/1.1" 200 -
INFO:werkzeug:127.0.0.1 - - [27/Mar/2025 17:21:59] "GET /index?__debugger__=yes&cmd=resource&f=debugger.js HTTP/1.1" 200 -
INFO:werkzeug:127.0.0.1 - - [27/Mar/2025 17:21:59] "GET /index?__debugger__=yes&cmd=resource&f=console.png HTTP/1.1" 200 -
INFO:werkzeug:127.0.0.1 - - [27/Mar/2025 17:21:59] "[36mGET /index?__debugger__=yes&cmd=resource&f=console.png HTTP/1.1[0m" 304 -
INFO:werkzeug: * Detected change in '/Users/enriquepabon/Library/CloudStorage/GoogleDrive-epabon@oleoflores.com/My Drive/Proyectos automatizaciones/Proyecto automatización registro MLB/TiquetesApp/app/blueprints/misc/routes.py', reloading
INFO:werkzeug: * Restarting with stat
INFO:app:Clave secreta configurada para la aplicación: 97666328...
INFO:app:Feature flags para nuevos templates configurados
INFO:app:Directorio UPLOAD_FOLDER asegurado: /Users/enriquepabon/Library/CloudStorage/GoogleDrive-epabon@oleoflores.com/My Drive/Proyectos automatizaciones/Proyecto automatización registro MLB/TiquetesApp/app/../static/uploads
INFO:app:Directorio PDF_FOLDER asegurado: /Users/enriquepabon/Library/CloudStorage/GoogleDrive-epabon@oleoflores.com/My Drive/Proyectos automatizaciones/Proyecto automatización registro MLB/TiquetesApp/app/../static/pdfs
INFO:app:Directorio GUIAS_FOLDER asegurado: /Users/enriquepabon/Library/CloudStorage/GoogleDrive-epabon@oleoflores.com/My Drive/Proyectos automatizaciones/Proyecto automatización registro MLB/TiquetesApp/app/../static/guias
INFO:app:Directorio QR_FOLDER asegurado: /Users/enriquepabon/Library/CloudStorage/GoogleDrive-epabon@oleoflores.com/My Drive/Proyectos automatizaciones/Proyecto automatización registro MLB/TiquetesApp/app/../static/qr
INFO:app:Directorio IMAGES_FOLDER asegurado: /Users/enriquepabon/Library/CloudStorage/GoogleDrive-epabon@oleoflores.com/My Drive/Proyectos automatizaciones/Proyecto automatización registro MLB/TiquetesApp/app/../static/images
INFO:app:Directorio FOTOS_RACIMOS_FOLDER asegurado: /Users/enriquepabon/Library/CloudStorage/GoogleDrive-epabon@oleoflores.com/My Drive/Proyectos automatizaciones/Proyecto automatización registro MLB/TiquetesApp/app/../static/uploads/clasificacion
INFO:db_schema:Tablas creadas correctamente en la base de datos.
INFO:app:Tablas de la base de datos verificadas/creadas correctamente.
WARNING:app.blueprints.clasificacion.routes:Inference SDK not installed or not compatible with this Python version. Will use HTTP direct requests for Roboflow.
INFO:app:Todos los blueprints registrados correctamente.
WARNING:werkzeug: * Debugger is active!
INFO:werkzeug: * Debugger PIN: 218-664-334
